13/06 20:39 [info]: Thanks for using NetDB! Made by Linus.
13/06 20:39 [info]: Access NetDB APIs at 3000
13/06 20:40 [info]: Thanks for using NetDB! Made by Linus.
13/06 20:40 [info]: Access NetDB APIs at 3000
13/06 20:41 [warn]: ::1 has incorrect API key: undefined
13/06 20:42 [warn]: ::1 has incorrect API key: undefined
13/06 20:42 [warn]: ::1 has incorrect API key: undefined
13/06 20:42 [warn]: ::1 has incorrect API key: undefined
13/06 20:42 [warn]: ::1 has incorrect API key: undefined
13/06 20:43 [info]: Thanks for using NetDB! Made by Linus.
13/06 20:43 [info]: Access NetDB APIs at 4000
13/06 20:43 [warn]: ::1 has incorrect API key: undefined
13/06 20:43 [warn]: ::1 has incorrect API key: undefined
13/06 20:44 [warn]: ::1 has incorrect API key: undefined
13/06 20:44 [warn]: ::1 has incorrect API key: undefined
13/06 20:44 [warn]: ::1 has incorrect API key: undefined
13/06 20:44 [warn]: ::1 has incorrect API key: undefined
13/06 20:44 [warn]: ::1 has incorrect API key: undefined
13/06 20:45 [info]: Thanks for using NetDB! Made by Linus.
13/06 20:45 [info]: Access NetDB APIs at 4000
13/06 20:45 [warn]: ::1 has incorrect API key: undefined
13/06 20:45 [warn]: ::1 has incorrect API key: undefined
13/06 20:45 [warn]: ::1 has incorrect API key: undefined
13/06 20:45 [warn]: ::1 has incorrect API key: undefined
13/06 20:47 [warn]: ::1 has incorrect API key: linuskang
13/06 20:47 [warn]: ::1 has incorrect API key: linuskang
13/06 20:47 [warn]: ::1 has incorrect API key: your_super_secret_api_key_here
13/06 20:48 [info]: Authorized GET request from IP: ::1, Body: undefined
13/06 20:48 [info]: Authorized GET request from IP: ::1, Body: undefined
13/06 20:49 [info]: Authorized GET request from IP: ::1, Body: undefined
13/06 20:49 [info]: Authorized POST request from IP: ::1, Body: {"sql":"show tables"}
13/06 20:50 [info]: Authorized POST request from IP: ::1, Body: {"tableName":"users","columns":"id INT PRIMARY KEY AUTO_INCREMENT, name VARCHAR(255), age INT"}
13/06 20:50 [info]: Authorized POST request from IP: ::1, Body: {"tableName":"users","columns":"id INT PRIMARY KEY AUTO_INCREMENT, name VARCHAR(255), age INT"}
13/06 20:51 [info]: Thanks for using NetDB! Made by Linus.
13/06 20:51 [info]: Access NetDB APIs at 4000
13/06 20:51 [info]: Authorized POST request from IP: ::1, Body: {"tableName":"users","columns":"id INT PRIMARY KEY AUTO_INCREMENT, name VARCHAR(255), age INT"}
13/06 20:52 [info]: Authorized POST request from IP: ::1, Body: {"sql":"show tables;"}
13/06 20:52 [info]: Authorized POST request from IP: ::1, Body: {"sql":"select * from users;"}
13/06 20:53 [info]: Authorized POST request from IP: ::1, Body: {"tableName":"users","data":{"name":"Linus","age":13}}
13/06 20:53 [info]: Authorized POST request from IP: ::1, Body: {"sql":"select * from users;"}
13/06 20:54 [info]: Authorized POST request from IP: ::1, Body: {"sql":"select * from users;"}
13/06 20:55 [info]: Authorized POST request from IP: ::1, Body: {"tableName":"users","data":{"name":"Linus","age":13}}
13/06 20:55 [info]: Authorized GET request from IP: ::1, Body: undefined
13/06 21:04 [info]: Authorized POST request from IP: ::1, Body: {"tableName":"users","updates":{"age":14},"where":{"name":"Linus"}}
13/06 21:04 [info]: Authorized GET request from IP: ::1, Body: undefined
13/06 21:05 [info]: Authorized POST request from IP: ::1, Body: {"tableName":"users","where":{"name":"Linus"}}
13/06 21:05 [info]: Authorized POST request from IP: ::1, Body: {"sql":"select * from users;"}
13/06 21:10 [warn]: ::1 has incorrect API key: Bearer your_super_secret_api_key_heres
13/06 21:10 [info]: Authorized POST request from IP: ::1, Body: {"sql":"select * from users;"}
13/06 21:15 [info]: Thanks for using NetDB! Made by Linus.
13/06 21:15 [info]: Access NetDB APIs at 4000
13/06 21:16 [info]: Thanks for using NetDB! Made by Linus.
13/06 21:16 [info]: Access NetDB APIs at 4000
13/06 21:18 [info]: Authorized POST request from IP: ::ffff:127.0.0.1, Body: {"tableName":"users","columns":"id INT PRIMARY KEY AUTO_INCREMENT, name VARCHAR(255), age INT"}
13/06 21:19 [info]: Authorized POST request from IP: ::ffff:127.0.0.1, Body: {"tableName":"users","data":{"name":"Linus","age":13}}
13/06 21:19 [info]: Authorized GET request from IP: ::ffff:127.0.0.1, Body: undefined
13/06 21:19 [info]: Authorized POST request from IP: ::ffff:127.0.0.1, Body: {"tableName":"users","updates":{"age":14},"where":{"name":"Linus"}}
13/06 21:19 [info]: Authorized POST request from IP: ::ffff:127.0.0.1, Body: {"sql":"SELECT * FROM users WHERE age > ?","params":[12]}
13/06 21:19 [info]: Authorized POST request from IP: ::ffff:127.0.0.1, Body: {"tableName":"users","where":{"name":"Linus"}}
13/06 21:19 [info]: Authorized POST request from IP: ::ffff:127.0.0.1, Body: {"tableName":"users"}
13/06 21:19 [info]: Authorized POST request from IP: ::1, Body: {"sql":"show tables;"}
13/06 21:19 [info]: Authorized POST request from IP: ::ffff:127.0.0.1, Body: {"tableName":"users","columns":"id INT PRIMARY KEY AUTO_INCREMENT, name VARCHAR(255), age INT"}
13/06 21:20 [info]: Authorized POST request from IP: ::1, Body: {"sql":"show tables;"}
13/06 21:22 [warn]: ::1 has incorrect API key: undefined
13/06 21:22 [warn]: ::1 has incorrect API key: undefined
